# JRE version: Java(TM) SE Runtime Environment (17.0.12+8) (build 17.0.12+8-LTS-286)
# Java VM: Java HotSpot(TM) 64-Bit Server VM (17.0.12+8-LTS-286, mixed mode, sharing, tiered, compressed oops, compressed class ptrs, g1 gc, windows-amd64)
GC Precious Log:
 CPUs: 4 total, 4 available
 Memory: 8102M
 Large Page Support: Disabled
 NUMA Support: Disabled
 Compressed Oops: Enabled (32-bit)
 Heap Region Size: 1M
 Heap Min Capacity: 8M
 Heap Initial Capacity: 128M
 Heap Max Capacity: 2026M
 Pre-touch: Disabled
 Parallel Workers: 4
 Concurrent Workers: 1
 Concurrent Refinement Workers: 4
 Periodic GC: Disabled
Heap:
 garbage-first heap   total 45056K, used 16093K [0x0000000081600000, 0x0000000100000000)
  region size 1024K, 6 young (6144K), 1 survivors (1024K)
 Metaspace       used 22338K, committed 22592K, reserved 1114112K
  class space    used 2625K, committed 2752K, reserved 1048576K
GC Heap History (20 events):
Event: 172713.591 GC heap before
{Heap before GC invocations=39 (full 0):
 garbage-first heap   total 45056K, used 37537K [0x0000000081600000, 0x0000000100000000)
  region size 1024K, 26 young (26624K), 1 survivors (1024K)
 Metaspace       used 22273K, committed 22528K, reserved 1114112K
  class space    used 2625K, committed 2752K, reserved 1048576K
}
Event: 172713.592 GC heap after
{Heap after GC invocations=40 (full 0):
 garbage-first heap   total 45056K, used 11968K [0x0000000081600000, 0x0000000100000000)
  region size 1024K, 1 young (1024K), 1 survivors (1024K)
 Metaspace       used 22273K, committed 22528K, reserved 1114112K
  class space    used 2625K, committed 2752K, reserved 1048576K
}
Event: 173046.671 GC heap before
{Heap before GC invocations=40 (full 0):
 garbage-first heap   total 45056K, used 37568K [0x0000000081600000, 0x0000000100000000)
  region size 1024K, 26 young (26624K), 1 survivors (1024K)
 Metaspace       used 22287K, committed 22528K, reserved 1114112K
  class space    used 2625K, committed 2752K, reserved 1048576K
}
Event: 173046.674 GC heap after
{Heap after GC invocations=41 (full 0):
 garbage-first heap   total 45056K, used 11972K [0x0000000081600000, 0x0000000100000000)
  region size 1024K, 1 young (1024K), 1 survivors (1024K)
 Metaspace       used 22287K, committed 22528K, reserved 1114112K
  class space    used 2625K, committed 2752K, reserved 1048576K
}
Event: 173168.755 GC heap before
{Heap before GC invocations=41 (full 0):
 garbage-first heap   total 45056K, used 37572K [0x0000000081600000, 0x0000000100000000)
  region size 1024K, 26 young (26624K), 1 survivors (1024K)
 Metaspace       used 22287K, committed 22528K, reserved 1114112K
  class space    used 2625K, committed 2752K, reserved 1048576K
}
Event: 173168.756 GC heap after
{Heap after GC invocations=42 (full 0):
 garbage-first heap   total 45056K, used 11979K [0x0000000081600000, 0x0000000100000000)
  region size 1024K, 1 young (1024K), 1 survivors (1024K)
 Metaspace       used 22287K, committed 22528K, reserved 1114112K
  class space    used 2625K, committed 2752K, reserved 1048576K
}
Event: 173186.386 GC heap before
{Heap before GC invocations=42 (full 0):
 garbage-first heap   total 45056K, used 37579K [0x0000000081600000, 0x0000000100000000)
  region size 1024K, 26 young (26624K), 1 survivors (1024K)
 Metaspace       used 22287K, committed 22528K, reserved 1114112K
  class space    used 2625K, committed 2752K, reserved 1048576K
}
Event: 173186.388 GC heap after
{Heap after GC invocations=43 (full 0):
 garbage-first heap   total 45056K, used 11923K [0x0000000081600000, 0x0000000100000000)
  region size 1024K, 1 young (1024K), 1 survivors (1024K)
 Metaspace       used 22287K, committed 22528K, reserved 1114112K
  class space    used 2625K, committed 2752K, reserved 1048576K
}
Event: 173204.577 GC heap before
{Heap before GC invocations=43 (full 0):
 garbage-first heap   total 45056K, used 37523K [0x0000000081600000, 0x0000000100000000)
  region size 1024K, 26 young (26624K), 1 survivors (1024K)
 Metaspace       used 22289K, committed 22528K, reserved 1114112K
  class space    used 2625K, committed 2752K, reserved 1048576K
}
Event: 173204.579 GC heap after
{Heap after GC invocations=44 (full 0):
 garbage-first heap   total 45056K, used 11980K [0x0000000081600000, 0x0000000100000000)
  region size 1024K, 1 young (1024K), 1 survivors (1024K)
 Metaspace       used 22289K, committed 22528K, reserved 1114112K
  class space    used 2625K, committed 2752K, reserved 1048576K
}
Event: 173212.968 GC heap before
{Heap before GC invocations=44 (full 0):
 garbage-first heap   total 45056K, used 37580K [0x0000000081600000, 0x0000000100000000)
  region size 1024K, 26 young (26624K), 1 survivors (1024K)
 Metaspace       used 22290K, committed 22528K, reserved 1114112K
  class space    used 2625K, committed 2752K, reserved 1048576K
}
Event: 173212.968 GC heap after
{Heap after GC invocations=45 (full 0):
 garbage-first heap   total 45056K, used 11987K [0x0000000081600000, 0x0000000100000000)
  region size 1024K, 1 young (1024K), 1 survivors (1024K)
 Metaspace       used 22290K, committed 22528K, reserved 1114112K
  class space    used 2625K, committed 2752K, reserved 1048576K
}
Event: 173281.343 GC heap before
{Heap before GC invocations=45 (full 0):
 garbage-first heap   total 45056K, used 37587K [0x0000000081600000, 0x0000000100000000)
  region size 1024K, 26 young (26624K), 1 survivors (1024K)
 Metaspace       used 22321K, committed 22592K, reserved 1114112K
  class space    used 2625K, committed 2752K, reserved 1048576K
}
Event: 173281.344 GC heap after
{Heap after GC invocations=46 (full 0):
 garbage-first heap   total 45056K, used 11945K [0x0000000081600000, 0x0000000100000000)
  region size 1024K, 1 young (1024K), 1 survivors (1024K)
 Metaspace       used 22321K, committed 22592K, reserved 1114112K
  class space    used 2625K, committed 2752K, reserved 1048576K
}
Event: 173543.627 GC heap before
{Heap before GC invocations=46 (full 0):
 garbage-first heap   total 45056K, used 37545K [0x0000000081600000, 0x0000000100000000)
  region size 1024K, 26 young (26624K), 1 survivors (1024K)
 Metaspace       used 22324K, committed 22592K, reserved 1114112K
  class space    used 2625K, committed 2752K, reserved 1048576K
}
Event: 173543.628 GC heap after
{Heap after GC invocations=47 (full 0):
 garbage-first heap   total 45056K, used 11945K [0x0000000081600000, 0x0000000100000000)
  region size 1024K, 1 young (1024K), 1 survivors (1024K)
 Metaspace       used 22324K, committed 22592K, reserved 1114112K
  class space    used 2625K, committed 2752K, reserved 1048576K
}
Event: 173690.379 GC heap before
{Heap before GC invocations=47 (full 0):
 garbage-first heap   total 45056K, used 37545K [0x0000000081600000, 0x0000000100000000)
  region size 1024K, 26 young (26624K), 1 survivors (1024K)
 Metaspace       used 22324K, committed 22592K, reserved 1114112K
  class space    used 2625K, committed 2752K, reserved 1048576K
}
Event: 173690.379 GC heap after
{Heap after GC invocations=48 (full 0):
 garbage-first heap   total 45056K, used 11948K [0x0000000081600000, 0x0000000100000000)
  region size 1024K, 1 young (1024K), 1 survivors (1024K)
 Metaspace       used 22324K, committed 22592K, reserved 1114112K
  class space    used 2625K, committed 2752K, reserved 1048576K
}
Event: 173735.352 GC heap before
{Heap before GC invocations=48 (full 0):
 garbage-first heap   total 45056K, used 37548K [0x0000000081600000, 0x0000000100000000)
  region size 1024K, 26 young (26624K), 1 survivors (1024K)
 Metaspace       used 22338K, committed 22592K, reserved 1114112K
  class space    used 2625K, committed 2752K, reserved 1048576K
}
Event: 173735.353 GC heap after
{Heap after GC invocations=49 (full 0):
 garbage-first heap   total 45056K, used 11997K [0x0000000081600000, 0x0000000100000000)
  region size 1024K, 1 young (1024K), 1 survivors (1024K)
 Metaspace       used 22338K, committed 22592K, reserved 1114112K
  class space    used 2625K, committed 2752K, reserved 1048576K
}

